#
# There is insufficient memory for the Java Runtime Environment to continue.
# Native memory allocation (malloc) failed to allocate 40112 bytes for Chunk::new
# Possible reasons:
#   The system is out of physical RAM or swap space
#   In 32 bit mode, the process size limit was hit
# Possible solutions:
#   Reduce memory load on the system
#   Increase physical memory or swap space
#   Check if swap backing store is full
#   Use 64 bit Java on a 64 bit OS
#   Decrease Java heap size (-Xmx/-Xms)
#   Decrease number of Java threads
#   Decrease Java thread stack sizes (-Xss)
#   Set larger code cache with -XX:ReservedCodeCacheSize=
# This output file may be truncated or incomplete.
#
#  Out of Memory Error (allocation.cpp:323), pid=5244, tid=6432
#
# JRE version: Java(TM) SE Runtime Environment (7.0_71-b14) (build 1.7.0_71-b14)
# Java VM: Java HotSpot(TM) 64-Bit Server VM (24.71-b01 mixed mode windows-amd64 compressed oops)
# Failed to write core dump. Minidumps are not enabled by default on client versions of Windows
#

---------------  T H R E A D  ---------------

Current thread (0x000000000a01c800):  JavaThread "C2 CompilerThread1" daemon [_thread_in_native, id=6432, stack(0x000000000b570000,0x000000000b670000)]

Stack: [0x000000000b570000,0x000000000b670000]
[error occurred during error reporting (printing stack bounds), id 0xc0000005]


[error occurred during error reporting (printing native stack), id 0xc0000005]


Current CompileTask:
C2:    417    6             java.lang.String::replace (127 bytes)


---------------  P R O C E S S  ---------------

Java Threads: ( => current thread )
  0x0000000008f7e000 JavaThread "Service Thread" daemon [_thread_blocked, id=7068, stack(0x000000000ba70000,0x000000000bb70000)]
=>0x000000000a01c800 JavaThread "C2 CompilerThread1" daemon [_thread_in_native, id=6432, stack(0x000000000b570000,0x000000000b670000)]
  0x000000000a030000 JavaThread "C2 CompilerThread0" daemon [_thread_blocked, id=5720, stack(0x000000000b8b0000,0x000000000b9b0000)]
  0x000000000a02e800 JavaThread "Attach Listener" daemon [_thread_blocked, id=2348, stack(0x000000000b680000,0x000000000b780000)]
  0x000000000a02e000 JavaThread "Signal Dispatcher" daemon [_thread_blocked, id=2120, stack(0x000000000b3f0000,0x000000000b4f0000)]
  0x0000000008f60800 JavaThread "Finalizer" daemon [_thread_blocked, id=6872, stack(0x000000000b2a0000,0x000000000b3a0000)]
  0x00000000024a8800 JavaThread "Reference Handler" daemon [_thread_blocked, id=4976, stack(0x000000000b180000,0x000000000b280000)]
  0x00000000024cf000 JavaThread "main" [_thread_in_native, id=6852, stack(0x00000000024f0000,0x00000000025f0000)]

Other Threads:
  0x0000000008f5d800 VMThread [stack: 0x000000000b010000,0x000000000b110000] [id=6320]
  0x0000000008f7f000 WatcherThread [stack: 0x000000000bba0000,0x000000000bca0000] [id=6356]

VM state:not at safepoint (normal execution)

VM Mutex/Monitor currently owned by a thread: None

Heap
 PSYoungGen      total 38400K, used 3331K [0x00000000eaa80000, 0x00000000ed500000, 0x0000000100000000)
  eden space 33280K, 10% used [0x00000000eaa80000,0x00000000eadc0e00,0x00000000ecb00000)
  from space 5120K, 0% used [0x00000000ed000000,0x00000000ed000000,0x00000000ed500000)
  to   space 5120K, 0% used [0x00000000ecb00000,0x00000000ecb00000,0x00000000ed000000)
 ParOldGen       total 86016K, used 0K [0x00000000c0000000, 0x00000000c5400000, 0x00000000eaa80000)
  object space 86016K, 0% used [0x00000000c0000000,0x00000000c0000000,0x00000000c5400000)
 PSPermGen       total 21504K, used 3810K [0x00000000bae00000, 0x00000000bc300000, 0x00000000c0000000)
  object space 21504K, 17% used [0x00000000bae00000,0x00000000bb1b8a80,0x00000000bc300000)

Card table byte_map: [0x00000000057c0000,0x00000000059f0000] byte_map_base: 0x00000000051e9000

Polling page: 0x0000000000330000

Code Cache  [0x0000000002700000, 0x0000000002970000, 0x0000000005700000)
 total_blobs=223 nmethods=5 adapters=171 free_code_cache=48745Kb largest_free_block=49912320

Compilation events (10 events):
Event: 0.236 Thread 0x000000000a030000 nmethod 1 0x0000000002761350 code [0x00000000027614a0, 0x0000000002761818]
Event: 0.236 Thread 0x000000000a030000    2             java.lang.String::charAt (29 bytes)
Event: 0.238 Thread 0x000000000a030000 nmethod 2 0x0000000002763310 code [0x0000000002763440, 0x00000000027634d8]
Event: 0.238 Thread 0x000000000a030000    3             java.lang.String::indexOf (70 bytes)
Event: 0.243 Thread 0x000000000a030000 nmethod 3 0x0000000002760f90 code [0x00000000027610e0, 0x0000000002761268]
Event: 0.264 Thread 0x000000000a030000    4             java.lang.String::hashCode (55 bytes)
Event: 0.270 Thread 0x000000000a030000 nmethod 4 0x0000000002760c50 code [0x0000000002760d80, 0x0000000002760ed8]
Event: 0.289 Thread 0x000000000a01c800    5             java.lang.String::lastIndexOf (52 bytes)
Event: 0.293 Thread 0x000000000a01c800 nmethod 5 0x00000000027649d0 code [0x0000000002764b20, 0x0000000002764c88]
Event: 0.405 Thread 0x000000000a01c800    6             java.lang.String::replace (127 bytes)

GC Heap History (0 events):
No events

Deoptimization events (0 events):
No events

Internal exceptions (10 events):
Event: 0.392 Thread 0x00000000024cf000 Threw 0x00000000ead0aa30 at C:\re\jdk7u71\1605\hotspot\src\share\vm\prims\jvm.cpp:1281
Event: 0.393 Thread 0x00000000024cf000 Threw 0x00000000ead0dc10 at C:\re\jdk7u71\1605\hotspot\src\share\vm\prims\jvm.cpp:1281
Event: 0.395 Thread 0x00000000024cf000 Threw 0x00000000ead10cc8 at C:\re\jdk7u71\1605\hotspot\src\share\vm\prims\jvm.cpp:1281
Event: 0.396 Thread 0x00000000024cf000 Threw 0x00000000ead135a0 at C:\re\jdk7u71\1605\hotspot\src\share\vm\prims\jvm.cpp:1281
Event: 0.399 Thread 0x00000000024cf000 Threw 0x00000000ead15b80 at C:\re\jdk7u71\1605\hotspot\src\share\vm\prims\jvm.cpp:1281
Event: 0.405 Thread 0x00000000024cf000 Threw 0x00000000ead21e28 at C:\re\jdk7u71\1605\hotspot\src\share\vm\prims\jvm.cpp:1281
Event: 0.407 Thread 0x00000000024cf000 Threw 0x00000000ead280c0 at C:\re\jdk7u71\1605\hotspot\src\share\vm\prims\jvm.cpp:1281
Event: 0.408 Thread 0x00000000024cf000 Threw 0x00000000ead2dde0 at C:\re\jdk7u71\1605\hotspot\src\share\vm\prims\jvm.cpp:1281
Event: 0.413 Thread 0x00000000024cf000 Threw 0x00000000ead37480 at C:\re\jdk7u71\1605\hotspot\src\share\vm\prims\jvm.cpp:1281
Event: 0.414 Thread 0x00000000024cf000 Threw 0x00000000ead3a320 at C:\re\jdk7u71\1605\hotspot\src\share\vm\prims\jvm.cpp:1281

Events (10 events):
Event: 0.408 loading class 0x000000000a123f00
Event: 0.408 loading class 0x000000000a123f00 done
Event: 0.409 loading class 0x0000000008d81150
Event: 0.409 loading class 0x0000000008d81150 done
Event: 0.409 loading class 0x0000000008d80e30
Event: 0.409 loading class 0x0000000008d80e30 done
Event: 0.413 loading class 0x000000000a11db70
Event: 0.413 loading class 0x000000000a11db70 done
Event: 0.414 loading class 0x000000000a1240c0
Event: 0.414 loading class 0x000000000a1240c0 done


Dynamic libraries:
0x000000013f510000 - 0x000000013f543000 	E:\software\Java\jdk1.7.0_71\bin\java.exe
0x0000000077a90000 - 0x0000000077c3a000 	C:\Windows\SYSTEM32\ntdll.dll
0x0000000077830000 - 0x000000007794f000 	C:\Windows\system32\kernel32.dll
0x000007fefd780000 - 0x000007fefd7ea000 	C:\Windows\system32\KERNELBASE.dll
0x000007fefeb90000 - 0x000007fefec6b000 	C:\Windows\system32\ADVAPI32.dll
0x000007fefe770000 - 0x000007fefe80f000 	C:\Windows\system32\msvcrt.dll
0x000007fefeb70000 - 0x000007fefeb8f000 	C:\Windows\SYSTEM32\sechost.dll
0x000007fefdc90000 - 0x000007fefddbd000 	C:\Windows\system32\RPCRT4.dll
0x0000000077730000 - 0x000000007782a000 	C:\Windows\system32\USER32.dll
0x000007fefe180000 - 0x000007fefe1e7000 	C:\Windows\system32\GDI32.dll
0x000007fefe760000 - 0x000007fefe76e000 	C:\Windows\system32\LPK.dll
0x000007fefddc0000 - 0x000007fefde8a000 	C:\Windows\system32\USP10.dll
0x000007fefc5d0000 - 0x000007fefc7c4000 	C:\Windows\WinSxS\amd64_microsoft.windows.common-controls_6595b64144ccf1df_6.0.7601.18837_none_fa3b1e3d17594757\COMCTL32.dll
0x000007fefde90000 - 0x000007fefdf01000 	C:\Windows\system32\SHLWAPI.dll
0x000007fefe3d0000 - 0x000007fefe3fe000 	C:\Windows\system32\IMM32.DLL
0x000007fefda40000 - 0x000007fefdb49000 	C:\Windows\system32\MSCTF.dll
0x000007fefd510000 - 0x000007fefd541000 	C:\Windows\system32\nvinitx.dll
0x000000000f000000 - 0x000000000f006000 	C:\Program Files\NVIDIA Corporation\CoProcManager\detoured.dll
0x000007fefa7b0000 - 0x000007fefa7e2000 	C:\Program Files\NVIDIA Corporation\CoProcManager\nvd3d9wrapx.dll
0x000007fefe1f0000 - 0x000007fefe3c7000 	C:\Windows\system32\SETUPAPI.dll
0x000007fefd940000 - 0x000007fefd976000 	C:\Windows\system32\CFGMGR32.dll
0x000007feffa20000 - 0x000007feffaf8000 	C:\Windows\system32\OLEAUT32.dll
0x000007fefdf10000 - 0x000007fefe113000 	C:\Windows\system32\ole32.dll
0x000007fefd8b0000 - 0x000007fefd8ca000 	C:\Windows\system32\DEVOBJ.dll
0x000007fefa780000 - 0x000007fefa7a2000 	C:\Program Files\NVIDIA Corporation\CoProcManager\nvdxgiwrapx.dll
0x00000000688d0000 - 0x00000000689a2000 	E:\software\Java\jdk1.7.0_71\jre\bin\msvcr100.dll
0x000000005b560000 - 0x000000005bd33000 	E:\software\Java\jdk1.7.0_71\jre\bin\server\jvm.dll
0x000007fef6530000 - 0x000007fef6539000 	C:\Windows\system32\WSOCK32.dll
0x000007fefeb20000 - 0x000007fefeb6d000 	C:\Windows\system32\WS2_32.dll
0x000007feffd90000 - 0x000007feffd98000 	C:\Windows\system32\NSI.dll
0x000007fefd9c0000 - 0x000007fefd9fb000 	C:\Windows\system32\WINMM.dll
0x0000000077c50000 - 0x0000000077c57000 	C:\Windows\system32\PSAPI.DLL
0x000000006f630000 - 0x000000006f63f000 	E:\software\Java\jdk1.7.0_71\jre\bin\verify.dll
0x000000006cf50000 - 0x000000006cf78000 	E:\software\Java\jdk1.7.0_71\jre\bin\java.dll
0x000000006cdd0000 - 0x000000006cde5000 	E:\software\Java\jdk1.7.0_71\jre\bin\zip.dll
0x000000006bd50000 - 0x000000006bd69000 	E:\software\Java\jdk1.7.0_71\jre\bin\net.dll
0x000007fefcd40000 - 0x000007fefcd95000 	C:\Windows\system32\mswsock.dll
0x000007fefcd30000 - 0x000007fefcd37000 	C:\Windows\System32\wship6.dll
0x000000006bd30000 - 0x000000006bd41000 	E:\software\Java\jdk1.7.0_71\jre\bin\nio.dll

VM Arguments:
jvm_args: -Xmx1024M -Dfile.encoding=GBK -Duser.country=CN -Duser.language=zh -Duser.variant 
java_command: com.android.dx.command.Main --dex --num-threads=4 --output E:\androidProject\RNInit\AwesomeProject\android\app\build\intermediates\pre-dexed\debug\bolts-android-1.1.4-b6c233d51e32c3ad4ff0fef523fbc469fc5c6c9d.jar C:\Users\xiajw\.gradle\caches\modules-2\files-2.1\com.parse.bolts\bolts-android\1.1.4\129874135e6081269ace2312092031558865de12\bolts-android-1.1.4.jar
Launcher Type: SUN_STANDARD

Environment Variables:
JAVA_HOME=E:\software\Java\jdk1.7.0_71
CLASSPATH=.;E:\software\Java\jdk1.7.0_71\lib\dt.jar;E:\software\Java\jdk1.7.0_71\lib\tools.jar;
PATH=C:\Program Files (x86)\NVIDIA Corporation\PhysX\Common;C:\Program Files (x86)\Intel\iCLS Client\;C:\Program Files\Intel\iCLS Client\;C:\Windows\system32;C:\Windows;C:\Windows\System32\Wbem;C:\Windows\System32\WindowsPowerShell\v1.0\;C:\Program Files (x86)\Intel\OpenCL SDK\2.0\bin\x86;C:\Program Files (x86)\Intel\OpenCL SDK\2.0\bin\x64;C:\Program Files\Intel\WiFi\bin\;C:\Program Files\Common Files\Intel\WirelessCommon\;C:\Program Files\Intel\Intel(R) Management Engine Components\DAL;C:\Program Files\Intel\Intel(R) Management Engine Components\IPT;C:\Program Files (x86)\Intel\Intel(R) Management Engine Components\DAL;C:\Program Files (x86)\Intel\Intel(R) Management Engine Components\IPT;C:\Program Files\Lenovo\Bluetooth Software\;C:\Program Files\Lenovo\Bluetooth Software\syswow64;C:\Program Files (x86)\Intel\OpenCL SDK\2.0\bin\x86;C:\Program Files (x86)\Intel\OpenCL SDK\2.0\bin\x64;E:\software\Java\jdk1.7.0_71\bin;E:\software\Java\jdk1.7.0_71\jre\bin;C:\Program Files\TortoiseSVN\bin;E:\software\Android\sdk\platform-tools;E:\Program Files\nodejs\;C:\Program Files\Intel\WiFi\bin\;C:\Program Files\Common Files\Intel\WirelessCommon\;C:\Users\xiajw\AppData\Roaming\npm
USERNAME=xiajw
OS=Windows_NT
PROCESSOR_IDENTIFIER=Intel64 Family 6 Model 58 Stepping 9, GenuineIntel



---------------  S Y S T E M  ---------------

OS: Windows 7 , 64 bit Build 7601 Service Pack 1

CPU:total 8 (4 cores per cpu, 2 threads per core) family 6 model 58 stepping 9, cmov, cx8, fxsr, mmx, sse, sse2, sse3, ssse3, sse4.1, sse4.2, popcnt, avx, aes, erms, ht, tsc, tscinvbit, tscinv

Memory: 4k page, physical 8288620k(2259848k free), swap 8286760k(873652k free)

vm_info: Java HotSpot(TM) 64-Bit Server VM (24.71-b01) for windows-amd64 JRE (1.7.0_71-b14), built on Sep 26 2014 16:16:12 by "java_re" with unknown MS VC++:1600

time: Sat May 21 19:11:36 2016
elapsed time: 0 seconds

